make all --print-data-base --no-builtin-variables --no-builtin-rules --question
# GNU Make 3.81
# Copyright (C) 2006  Free Software Foundation, Inc.
# This is free software; see the source for copying conditions.
# There is NO warranty; not even for MERCHANTABILITY or FITNESS FOR A
# PARTICULAR PURPOSE.

# This program built for i386-apple-darwin11.3.0

# Make data base, printed on Mon Jun 27 19:05:36 2022

# Variables

# automatic
<D = $(patsubst %/,%,$(dir $<))
# automatic
?F = $(notdir $?)
# makefile (from `Makefile', line 4)
BINARY_NAME = kv2
# environment
VSCODE_LOG_NATIVE = false
# automatic
?D = $(patsubst %/,%,$(dir $?))
# automatic
@D = $(patsubst %/,%,$(dir $@))
# automatic
@F = $(notdir $@)
# makefile
CURDIR := /Users/rusik/go/src/github.com/rusik69/kv2
# makefile (from `Makefile', line 1)
SHELL := /bin/bash
# environment
VSCODE_NLS_CONFIG = {"locale":"en-gb","availableLanguages":{},"_languagePackSupport":true}
# environment
_ = /usr/bin/make
# makefile (from `Makefile', line 1)
MAKEFILE_LIST :=  Makefile
# environment
VSCODE_AMD_ENTRYPOINT = vs/workbench/api/node/extensionHostProcess
# environment
VSCODE_VERBOSE_LOGGING = true
# environment
__CFBundleIdentifier = com.microsoft.VSCode
# environment
INFOPATH = /opt/homebrew/share/info:
# environment
VSCODE_IPC_HOOK_EXTHOST = /var/folders/mq/sb26t1d93sg_j5s3xc1m0tbw0000gn/T/vscode-ipc-cbbc05e7-e360-4b94-b775-5eb289d837da.sock
# environment
VSCODE_CWD = /
# environment
GOPROXY = https://proxy.golang.org,direct
# environment
PATH = /opt/homebrew/bin:/opt/homebrew/sbin:/usr/local/bin:/usr/bin:/bin:/usr/sbin:/sbin:/Users/rusik/go/bin
# environment
GOPATH = /Users/rusik/go
# environment
VSCODE_LOG_STACK = false
# environment
ELECTRON_RUN_AS_NODE = 1
# default
.FEATURES := target-specific order-only second-expansion else-if archives jobserver check-symlink
# environment
SSH_AUTH_SOCK = /private/tmp/com.apple.launchd.INMjSO5jvh/Listeners
# automatic
%F = $(notdir $%)
# environment
VSCODE_PIPE_LOGGING = true
# environment
PWD = /Users/rusik/go/src/github.com/rusik69/kv2
# environment
HOMEBREW_CELLAR = /opt/homebrew/Cellar
# environment
ORIGINAL_XDG_CURRENT_DESKTOP = undefined
# environment
MANPATH = /opt/homebrew/share/man::
# environment
GOMODCACHE = /Users/rusik/go/pkg/mod
# environment
HOME = /Users/rusik
# default
MAKEFILEPATH = $(shell /usr/bin/xcode-select -print-path 2>/dev/null || echo /Developer)/Makefiles
# environment
VSCODE_CODE_CACHE_PATH = /Users/rusik/Library/Application Support/Code/CachedData/30d9c6cd9483b2cc586687151bcbcd635f373630
# environment
LOGNAME = rusik
# environment
APPLICATION_INSIGHTS_NO_DIAGNOSTIC_CHANNEL = 1
# environment
VSCODE_HANDLES_UNCAUGHT_ERRORS = true
# automatic
^D = $(patsubst %/,%,$(dir $^))
# environment
XPC_FLAGS = 0x0
# default
MAKE = $(MAKE_COMMAND)
# default
MAKECMDGOALS := all
# environment
SHLVL = 1
# default
MAKE_VERSION := 3.81
# environment
USER = rusik
# makefile (from `Makefile', line 2)
.DEFAULT_GOAL := default
# automatic
%D = $(patsubst %/,%,$(dir $%))
# default
MAKE_COMMAND := /Library/Developer/CommandLineTools/usr/bin/make
# default
.VARIABLES := 
# environment
TMPDIR = /var/folders/mq/sb26t1d93sg_j5s3xc1m0tbw0000gn/T/
# automatic
*F = $(notdir $*)
# environment
VSCODE_IPC_HOOK = /Users/rusik/Library/Application Support/Code/1.68.1-main.sock
# makefile
MAKEFLAGS = Rrqp
# environment
MFLAGS = -Rrqp
# automatic
*D = $(patsubst %/,%,$(dir $*))
# environment
XPC_SERVICE_NAME = application.com.microsoft.VSCode.15669800.15669806
# environment
HOMEBREW_PREFIX = /opt/homebrew
# automatic
+D = $(patsubst %/,%,$(dir $+))
# automatic
+F = $(notdir $+)
# environment
HOMEBREW_REPOSITORY = /opt/homebrew
# environment
__CF_USER_TEXT_ENCODING = 0x1F5:0x0:0x0
# environment
COMMAND_MODE = unix2003
# default
MAKEFILES := 
# automatic
<F = $(notdir $<)
# environment
LC_ALL = C
# automatic
^F = $(notdir $^)
# default
SUFFIXES := 
# environment
MAKELEVEL := 0
# environment
LANG = C
# environment
DOCKER_HOST = unix:///Users/rusik/.local/share/containers/podman/machine/podman-machine-default/podman.sock
# environment
VSCODE_PID = 19056
# variable set hash-table stats:
# Load=71/1024=7%, Rehash=0, Collisions=2/95=2%

# Pattern-specific Variable Values

# No pattern-specific variable values.

# Directories

# . (device 16777233, inode 12467985): 17 files, no impossibilities.

# 17 files, no impossibilities in 1 directories.

# Implicit Rules

# No implicit rules.

# Files

all:
#  Phony target (prerequisite of .PHONY).
#  Command-line target.
#  Implicit rule search has not been done.
#  File does not exist.
#  File has been updated.
#  Successfully updated.

.PHONY: all
#  Implicit rule search has not been done.
#  Modification time never checked.
#  File has not been updated.

# Not a target:
.SUFFIXES:
#  Implicit rule search has not been done.
#  Modification time never checked.
#  File has not been updated.

uninstall:
#  Implicit rule search has not been done.
#  Modification time never checked.
#  File has not been updated.
#  commands to execute (from `Makefile', line 65):
	kubectl delete -f deployments/*
	

# Not a target:
Makefile:
#  Implicit rule search has been done.
#  Last modified 2022-06-25 00:27:55
#  File has been updated.
#  Successfully updated.
# variable set hash-table stats:
# Load=0/32=0%, Rehash=0, Collisions=0/0=0%

test:
#  Implicit rule search has not been done.
#  Modification time never checked.
#  File has not been updated.
#  commands to execute (from `Makefile', line 41):
	cd pkg/client/client && go test -count=1 -v -bench ./ && go test -count=1 -v -benchmem
	

build:
#  Implicit rule search has not been done.
#  Modification time never checked.
#  File has not been updated.
#  commands to execute (from `Makefile', line 7):
	CGO_ENABLED=0 GOARCH=amd64 GOOS=linux go build -o bin/${BINARY_NAME}-linux-amd64 cmd/server/main.go
	CGO_ENABLED=0 GOARCH=amd64 GOOS=linux go build -o bin/${BINARY_NAME}-client-linux-amd64 cmd/client/main.go
	CGO_ENABLED=0 GOARM=6 GOARCH=arm GOOS=linux go build -o bin/${BINARY_NAME}-linux-arm cmd/server/main.go
	CGO_ENABLED=0 GOARM=6 GOARCH=arm GOOS=linux go build -o bin/${BINARY_NAME}-client-linux-arm cmd/client/main.go
	CGO_ENABLED=0 GOARCH=arm64 GOOS=linux go build -o bin/${BINARY_NAME}-linux-arm64 cmd/server/main.go
	CGO_ENABLED=0 GOARCH=arm64 GOOS=linux go build -o bin/${BINARY_NAME}-client-linux-arm64 cmd/client/main.go
	CGO_ENABLED=0 GOARCH=arm64 GOOS=darwin go build -o bin/${BINARY_NAME}-mac-arm64 cmd/server/main.go
	CGO_ENABLED=0 GOARCH=arm64 GOOS=darwin go build -o bin/${BINARY_NAME}-client-mac-arm64 cmd/client/main.go
	CGO_ENABLED=0 GOARCH=amd64 GOOS=darwin go build -o bin/${BINARY_NAME}-mac-amd64 cmd/server/main.go
	CGO_ENABLED=0 GOARCH=amd64 GOOS=darwin go build -o bin/${BINARY_NAME}-client-mac-amd64 cmd/client/main.go
	chmod +x bin/*
	

test_mac_arm64:
#  Implicit rule search has not been done.
#  Modification time never checked.
#  File has not been updated.
#  commands to execute (from `Makefile', line 25):
	./bin/kv2-mac-arm64 &
	KV2_LISTEN_PORT_CLIENT=6971 KV2_LISTEN_PORT_SERVER=6972 ./bin/kv2-mac-arm64 &
	sleep 1
	cd pkg/client/client && go test -count=1 -v -bench ./ || true
	for i in $$(ps aux | grep kv2 | grep -v grep | awk '{print $$2}'); do kill $$i; done
	

default: get build run sleep test
#  Implicit rule search has not been done.
#  Modification time never checked.
#  File has not been updated.

build_mac_arm64:
#  Implicit rule search has not been done.
#  Modification time never checked.
#  File has not been updated.
#  commands to execute (from `Makefile', line 20):
	CGO_ENABLED=0 GOARCH=arm64 GOOS=darwin go build -o bin/${BINARY_NAME}-mac-arm64 cmd/server/main.go
	CGO_ENABLED=0 GOARCH=arm64 GOOS=darwin go build -o bin/${BINARY_NAME}-client-mac-arm64 cmd/client/main.go
	chmod +x bin/*
	

# Not a target:
.DEFAULT:
#  Implicit rule search has not been done.
#  Modification time never checked.
#  File has not been updated.

docker_amd64:
#  Implicit rule search has not been done.
#  Modification time never checked.
#  File has not been updated.
#  commands to execute (from `Makefile', line 58):
	docker build . -f Dockerfile-amd64 -t loqutus/kv2:latest-amd64
	docker push loqutus/kv2:latest-amd64
	

run:
#  Implicit rule search has not been done.
 
#  Modification time never checked.
#  File has not been updated.
#  commands to execute (from `Makefile', line 32):
	./bin/kv2-linux-arm64 &
	KV2_LISTEN_PORT_CLIENT=6971 KV2_LISTEN_PORT_SERVER=6972 ./bin/kv2-linux-arm64 &
	KV2_LISTEN_PORT_CLIENT=6973 KV2_LISTEN_PORT_SERVER=6974 ./bin/kv2-linux-arm64 &
	

sleep:
#  Implicit rule search has not been done.
#  Modification time never checked.
#  File has not been updated.
#  commands to execute (from `Makefile', line 51):
	sleep 1
	

run_mac_arm64:
#  Implicit rule search has not been done.
#  Modification time never checked.
#  File has not been updated.
#  commands to execute (from `Makefile', line 37):
	./bin/kv2-mac-arm64 &
	KV2_LISTEN_PORT_CLIENT=6971 KV2_LISTEN_PORT_SERVER=6972 ./bin/kv2-mac-arm64 &
	

gocritic:
#  Implicit rule search has not been done.
#  Modification time never checked.
#  File has not been updated.
#  commands to execute (from `Makefile', line 48):
	gocritic check ./...
	

docker_arm64:
#  Implicit rule search has not been done.
#  Modification time never checked.
#  File has not been updated.
#  commands to execute (from `Makefile', line 54):
	docker build . -f Dockerfile-arm64 -t loqutus/kv2:latest-arm64
	docker push loqutus/kv2:latest-arm64
	

get:
#  Implicit rule search has not been done.
#  Modification time never checked.
#  File has not been updated.
#  commands to execute (from `Makefile', line 44):
	go mod tidy
	go get ./...
	

install:
#  Implicit rule search has not been done.
#  Modification time never checked.
#  File has not been updated.
#  commands to execute (from `Makefile', line 62):
	kubectl apply -f deployments/
	

# files hash-table stats:
# Load=19/1024=2%, Rehash=0, Collisions=1/37=3%
# VPATH Search Paths

# No `vpath' search paths.

# No general (`VPATH' variable) search path.

# # of strings in strcache: 1
# # of strcache buffers: 1
# strcache size: total = 4096 / max = 4096 / min = 4096 / avg = 4096
# strcache free: total = 4087 / max = 4087 / min = 4087 / avg = 4087

# Finished Make data base on Mon Jun 27 19:05:36 2022

 
